<?xml version="1.0" encoding="UTF-8"?>
<!-- Generated by org.testng.reporters.JUnitReportReporter -->
<testsuite skipped="0" hostname="LENOVO-PC" name="cucumberOptions.TestRunner" tests="1" failures="0" timestamp="07 Oct 2021 07:21:33 GMT" time="133.070" errors="0">
  <testcase name="feature" time="133.070" classname="cucumberOptions.TestRunner"/>
</testsuite> <!-- cucumberOptions.TestRunner -->
